<?xml version="1.0" encoding="UTF-8"?>
<!-- Generated by org.testng.reporters.JUnitReportReporter -->
<testsuite hostname="DESKTOP-H5PSRKV" name="testNGDemo.testNG" tests="2" failures="0" timestamp="24 May 2018 19:18:57 GMT" time="0.031" errors="0">
  <testcase name="demoone" time="0.015" classname="testNGDemo.testNG"/>
  <testcase name="demotwo" time="0.016" classname="testNGDemo.testNG"/>
</testsuite> <!-- testNGDemo.testNG -->
